# JRE version: Java(TM) SE Runtime Environment (17.0.12+8) (build 17.0.12+8-LTS-286)
# Java VM: Java HotSpot(TM) 64-Bit Server VM (17.0.12+8-LTS-286, mixed mode, sharing, tiered, compressed oops, compressed class ptrs, g1 gc, windows-amd64)
GC Precious Log:
 CPUs: 12 total, 12 available
 Memory: 16110M
 Large Page Support: Disabled
 NUMA Support: Disabled
 Compressed Oops: Enabled (Zero based)
 Heap Region Size: 2M
 Heap Min Capacity: 8M
 Heap Initial Capacity: 252M
 Heap Max Capacity: 4G
 Pre-touch: Disabled
 Parallel Workers: 10
 Concurrent Workers: 3
 Concurrent Refinement Workers: 10
 Periodic GC: Disabled
Heap:
 garbage-first heap   total 393216K, used 239887K [0x0000000700000000, 0x0000000800000000)
  region size 2048K, 4 young (8192K), 4 survivors (8192K)
 Metaspace       used 102823K, committed 104064K, reserved 1179648K
  class space    used 14387K, committed 14976K, reserved 1048576K
GC Heap History (20 events):
Event: 30.496 GC heap after
{Heap after GC invocations=48 (full 0):
 garbage-first heap   total 327680K, used 161201K [0x0000000700000000, 0x0000000800000000)
  region size 2048K, 5 young (10240K), 5 survivors (10240K)
 Metaspace       used 99749K, committed 100736K, reserved 1179648K
  class space    used 13974K, committed 14464K, reserved 1048576K
}
Event: 30.829 GC heap before
{Heap before GC invocations=48 (full 0):
 garbage-first heap   total 327680K, used 267697K [0x0000000700000000, 0x0000000800000000)
  region size 2048K, 58 young (118784K), 5 survivors (10240K)
 Metaspace       used 99866K, committed 100864K, reserved 1179648K
  class space    used 13977K, committed 14464K, reserved 1048576K
}
Event: 30.835 GC heap after
{Heap after GC invocations=49 (full 0):
 garbage-first heap   total 327680K, used 166042K [0x0000000700000000, 0x0000000800000000)
  region size 2048K, 7 young (14336K), 7 survivors (14336K)
 Metaspace       used 99866K, committed 100864K, reserved 1179648K
  class space    used 13977K, committed 14464K, reserved 1048576K
}
Event: 31.633 GC heap before
{Heap before GC invocations=49 (full 0):
 garbage-first heap   total 327680K, used 270490K [0x0000000700000000, 0x0000000800000000)
  region size 2048K, 59 young (120832K), 7 survivors (14336K)
 Metaspace       used 101274K, committed 102400K, reserved 1179648K
  class space    used 14210K, committed 14720K, reserved 1048576K
}
Event: 31.643 GC heap after
{Heap after GC invocations=50 (full 0):
 garbage-first heap   total 327680K, used 177440K [0x0000000700000000, 0x0000000800000000)
  region size 2048K, 8 young (16384K), 8 survivors (16384K)
 Metaspace       used 101274K, committed 102400K, reserved 1179648K
  class space    used 14210K, committed 14720K, reserved 1048576K
}
Event: 31.864 GC heap before
{Heap before GC invocations=50 (full 0):
 garbage-first heap   total 327680K, used 267552K [0x0000000700000000, 0x0000000800000000)
  region size 2048K, 53 young (108544K), 8 survivors (16384K)
 Metaspace       used 101275K, committed 102400K, reserved 1179648K
  class space    used 14210K, committed 14720K, reserved 1048576K
}
Event: 31.872 GC heap after
{Heap after GC invocations=51 (full 0):
 garbage-first heap   total 327680K, used 180639K [0x0000000700000000, 0x0000000800000000)
  region size 2048K, 3 young (6144K), 3 survivors (6144K)
 Metaspace       used 101275K, committed 102400K, reserved 1179648K
  class space    used 14210K, committed 14720K, reserved 1048576K
}
Event: 32.274 GC heap before
{Heap before GC invocations=51 (full 0):
 garbage-first heap   total 327680K, used 270751K [0x0000000700000000, 0x0000000800000000)
  region size 2048K, 47 young (96256K), 3 survivors (6144K)
 Metaspace       used 101465K, committed 102592K, reserved 1179648K
  class space    used 14228K, committed 14784K, reserved 1048576K
}
Event: 32.638 GC heap after
{Heap after GC invocations=52 (full 0):
 garbage-first heap   total 393216K, used 184271K [0x0000000700000000, 0x0000000800000000)
  region size 2048K, 5 young (10240K), 5 survivors (10240K)
 Metaspace       used 101465K, committed 102592K, reserved 1179648K
  class space    used 14228K, committed 14784K, reserved 1048576K
}
Event: 33.260 GC heap before
{Heap before GC invocations=52 (full 0):
 garbage-first heap   total 393216K, used 317391K [0x0000000700000000, 0x0000000800000000)
  region size 2048K, 71 young (145408K), 5 survivors (10240K)
 Metaspace       used 101736K, committed 102848K, reserved 1179648K
  class space    used 14264K, committed 14784K, reserved 1048576K
}
Event: 33.268 GC heap after
{Heap after GC invocations=53 (full 0):
 garbage-first heap   total 393216K, used 195917K [0x0000000700000000, 0x0000000800000000)
  region size 2048K, 9 young (18432K), 9 survivors (18432K)
 Metaspace       used 101736K, committed 102848K, reserved 1179648K
  class space    used 14264K, committed 14784K, reserved 1048576K
}
Event: 33.833 GC heap before
{Heap before GC invocations=53 (full 0):
 garbage-first heap   total 393216K, used 322893K [0x0000000700000000, 0x0000000800000000)
  region size 2048K, 69 young (141312K), 9 survivors (18432K)
 Metaspace       used 102143K, committed 103296K, reserved 1179648K
  class space    used 14309K, committed 14848K, reserved 1048576K
}
Event: 33.842 GC heap after
{Heap after GC invocations=54 (full 0):
 garbage-first heap   total 393216K, used 212781K [0x0000000700000000, 0x0000000800000000)
  region size 2048K, 7 young (14336K), 7 survivors (14336K)
 Metaspace       used 102143K, committed 103296K, reserved 1179648K
  class space    used 14309K, committed 14848K, reserved 1048576K
}
Event: 34.011 GC heap before
{Heap before GC invocations=54 (full 0):
 garbage-first heap   total 393216K, used 317229K [0x0000000700000000, 0x0000000800000000)
  region size 2048K, 59 young (120832K), 7 survivors (14336K)
 Metaspace       used 102144K, committed 103296K, reserved 1179648K
  class space    used 14309K, committed 14848K, reserved 1048576K
}
Event: 34.016 GC heap after
{Heap after GC invocations=55 (full 0):
 garbage-first heap   total 393216K, used 214905K [0x0000000700000000, 0x0000000800000000)
  region size 2048K, 3 young (6144K), 3 survivors (6144K)
 Metaspace       used 102144K, committed 103296K, reserved 1179648K
  class space    used 14309K, committed 14848K, reserved 1048576K
}
Event: 34.709 GC heap before
{Heap before GC invocations=55 (full 0):
 garbage-first heap   total 393216K, used 323449K [0x0000000700000000, 0x0000000800000000)
  region size 2048K, 55 young (112640K), 3 survivors (6144K)
 Metaspace       used 102662K, committed 103872K, reserved 1179648K
  class space    used 14364K, committed 14912K, reserved 1048576K
}
Event: 34.716 GC heap after
{Heap after GC invocations=56 (full 0):
 garbage-first heap   total 393216K, used 233472K [0x0000000700000000, 0x0000000800000000)
  region size 2048K, 7 young (14336K), 7 survivors (14336K)
 Metaspace       used 102662K, committed 103872K, reserved 1179648K
  class space    used 14364K, committed 14912K, reserved 1048576K
}
Event: 35.002 GC heap before
{Heap before GC invocations=56 (full 0):
 garbage-first heap   total 393216K, used 317440K [0x0000000700000000, 0x0000000800000000)
  region size 2048K, 49 young (100352K), 7 survivors (14336K)
 Metaspace       used 102823K, committed 104064K, reserved 1179648K
  class space    used 14387K, committed 14976K, reserved 1048576K
}
Event: 35.009 GC heap after
{Heap after GC invocations=57 (full 0):
 garbage-first heap   total 393216K, used 238714K [0x0000000700000000, 0x0000000800000000)
  region size 2048K, 4 young (8192K), 4 survivors (8192K)
 Metaspace       used 102823K, committed 104064K, reserved 1179648K
  class space    used 14387K, committed 14976K, reserved 1048576K
}
Event: 35.139 GC heap before
{Heap before GC invocations=57 (full 0):
 garbage-first heap   total 393216K, used 318586K [0x0000000700000000, 0x0000000800000000)
  region size 2048K, 44 young (90112K), 4 survivors (8192K)
 Metaspace       used 102823K, committed 104064K, reserved 1179648K
  class space    used 14387K, committed 14976K, reserved 1048576K
}

